-Xlintfile
/mnt/hdstore/joey/workspace/eclipse/hedwig-weaver/src/main/resources/support/Xlint.properties
-1.6
-encoding
UTF-8
-outxml
-showWeaveInfo
-source
1.6
-target
1.6
-verbose
-classpath
/home/joey/.m2/repository/com/mycompany/jmx-test1/2.1.0-M1/jmx-test1-2.1.0-M1.war:/home/joey/.m2/repository/com/yihaodian/architecture/hedwig-client/0.1.2-SNAPSHOT/hedwig-client-0.1.2-SNAPSHOT.jar:/home/joey/.m2/repository/org/aspectj/aspectjrt/1.7.3/aspectjrt-1.7.3.jar:/home/joey/.m2/repository/org/aspectj/aspectjweaver/1.7.3/aspectjweaver-1.7.3.jar:/home/joey/.m2/repository/org/springframework/spring-context/2.5.6.SEC03/spring-context-2.5.6.SEC03.jar:/home/joey/.m2/repository/org/springframework/spring-webmvc/2.5.6.SEC03/spring-webmvc-2.5.6.SEC03.jar:/home/joey/.m2/repository/com/alibaba/fastjson/1.1.23/fastjson-1.1.23.jar:/home/joey/.m2/repository/net/sf/ehcache/ehcache-core/2.6.2/ehcache-core-2.6.2.jar:/home/joey/.m2/repository/edu/emory/mathcs/util/emory-util-collections/2.1/emory-util-collections-2.1.jar:/home/joey/.m2/repository/javax/javaee-api/6.0/javaee-api-6.0.jar:/home/joey/.m2/repository/com/yihaodian/architecture/hedwig-common/0.1.2-SNAPSHOT/hedwig-common-0.1.2-SNAPSHOT.jar:/home/joey/.m2/repository/com/yihaodian/architecture/hedwig-zk/0.1.2-SNAPSHOT/hedwig-zk-0.1.2-SNAPSHOT.jar:/home/joey/.m2/repository/org/apache/zookeeper/zookeeper/3.3.5/zookeeper-3.3.5.jar:/home/joey/.m2/repository/com/google/code/gson/gson/2.1/gson-2.1.jar:/home/joey/.m2/repository/com/yihaodian/architecture/detector-monitor-common/0.1.3-SNAPSHOT/detector-monitor-common-0.1.3-SNAPSHOT.jar:/home/joey/.m2/repository/commons-lang/commons-lang/2.5/commons-lang-2.5.jar:/home/joey/.m2/repository/org/slf4j/slf4j-log4j12/1.6.2/slf4j-log4j12-1.6.2.jar:/home/joey/.m2/repository/log4j/log4j/1.2.16/log4j-1.2.16.jar:/home/joey/.m2/repository/com/yihaodian/architecture/detector-monitor-client/0.1.3-SNAPSHOT/detector-monitor-client-0.1.3-SNAPSHOT.jar:/home/joey/.m2/repository/com/yihaodian/architecture/jumper-producerclient/0.1.2-SNAPSHOT/jumper-producerclient-0.1.2-SNAPSHOT.jar:/home/joey/.m2/repository/com/yihaodian/architecture/jumper-common/0.1.2-SNAPSHOT/jumper-common-0.1.2-SNAPSHOT.jar:/home/joey/.m2/repository/com/fasterxml/jackson/core/jackson-databind/2.0.2/jackson-databind-2.0.2.jar:/home/joey/.m2/repository/com/fasterxml/jackson/core/jackson-annotations/2.0.2/jackson-annotations-2.0.2.jar:/home/joey/.m2/repository/com/fasterxml/jackson/core/jackson-core/2.0.2/jackson-core-2.0.2.jar:/home/joey/.m2/repository/commons-codec/commons-codec/1.6/commons-codec-1.6.jar:/home/joey/.m2/repository/com/caucho/hessian/3.1.5/hessian-3.1.5.jar:/home/joey/.m2/repository/org/mongodb/mongo-java-driver/2.9.3/mongo-java-driver-2.9.3.jar:/home/joey/.m2/repository/cglib/cglib/2.1_3/cglib-2.1_3.jar:/home/joey/.m2/repository/asm/asm/1.5.3/asm-1.5.3.jar:/home/joey/.m2/repository/commons-io/commons-io/1.3.2/commons-io-1.3.2.jar:/home/joey/.m2/repository/junit/junit/4.10/junit-4.10.jar:/home/joey/.m2/repository/org/hamcrest/hamcrest-core/1.1/hamcrest-core-1.1.jar:/home/joey/.m2/repository/com/thoughtworks/xstream/xstream/1.3.1/xstream-1.3.1.jar:/home/joey/.m2/repository/xpp3/xpp3_min/1.1.4c/xpp3_min-1.1.4c.jar:/home/joey/.m2/repository/io/netty/netty/3.6.3.Final/netty-3.6.3.Final.jar:/home/joey/.m2/repository/com/googlecode/disruptor/disruptor/2.10.4/disruptor-2.10.4.jar:/home/joey/.m2/repository/com/yihaodian/architecture/jumper-consumerclient/0.1.2-SNAPSHOT/jumper-consumerclient-0.1.2-SNAPSHOT.jar:/home/joey/.m2/repository/aopalliance/aopalliance/1.0/aopalliance-1.0.jar:/home/joey/.m2/repository/org/springframework/spring-beans/2.5.6.SEC03/spring-beans-2.5.6.SEC03.jar:/home/joey/.m2/repository/org/springframework/spring-core/2.5.6.SEC03/spring-core-2.5.6.SEC03.jar:/home/joey/.m2/repository/commons-logging/commons-logging/1.1.1/commons-logging-1.1.1.jar:/home/joey/.m2/repository/org/springframework/spring-context-support/2.5.6.SEC03/spring-context-support-2.5.6.SEC03.jar:/home/joey/.m2/repository/org/springframework/spring-web/2.5.6.SEC03/spring-web-2.5.6.SEC03.jar:/home/joey/.m2/repository/org/slf4j/slf4j-api/1.6.1/slf4j-api-1.6.1.jar:/mnt/hdstore/joey/workspace/eclipse/hedwig-weaver/target/classes
-d
/mnt/hdstore/joey/workspace/eclipse/hedwig-weaver/target/classes
/mnt/hdstore/joey/workspace/eclipse/hedwig-weaver/src/main/java/testframework/weaver/managerbean/hedwig/HedwigContextManager.aj
/mnt/hdstore/joey/workspace/eclipse/hedwig-weaver/src/main/java/testframework/weaver/managerbean/hedwig/StaticRouteLocator.java
/mnt/hdstore/joey/workspace/eclipse/hedwig-weaver/src/main/java/testframework/weaver/managerbean/hedwig/IHedwigContextManager.java
/mnt/hdstore/joey/workspace/eclipse/hedwig-weaver/src/main/java/testframework/weaver/managerbean/TestManagerBean.aj
/mnt/hdstore/joey/workspace/eclipse/hedwig-weaver/src/main/java/testframework/weaver/managerbean/ehcache/EhchacheManager.aj
/mnt/hdstore/joey/workspace/eclipse/hedwig-weaver/src/main/java/testframework/weaver/util/logging/LogOwner.java
/mnt/hdstore/joey/workspace/eclipse/hedwig-weaver/src/main/java/testframework/weaver/util/logging/LogManagement.aj
/mnt/hdstore/joey/workspace/eclipse/hedwig-weaver/src/main/java/testframework/weaver/util/MutableInteger.java
/mnt/hdstore/joey/workspace/eclipse/hedwig-weaver/src/main/java/testframework/weaver/util/KeyUtils.java
/mnt/hdstore/joey/workspace/eclipse/hedwig-weaver/src/main/java/testframework/weaver/jmx/GuiFriendlyStatsJmxNameStrategy.java
/mnt/hdstore/joey/workspace/eclipse/hedwig-weaver/src/main/java/testframework/weaver/jmx/RegistrationFailureException.java
/mnt/hdstore/joey/workspace/eclipse/hedwig-weaver/src/main/java/testframework/weaver/jmx/StatsJmxNameStrategy.java
/mnt/hdstore/joey/workspace/eclipse/hedwig-weaver/src/main/java/testframework/weaver/jmx/JmxManagement.aj
/mnt/hdstore/joey/workspace/eclipse/hedwig-weaver/src/main/java/testframework/weaver/jmx/MonitorJmxManagement.aj
/mnt/hdstore/joey/workspace/eclipse/hedwig-weaver/src/main/java/testframework/weaver/jmx/StatsJmxManagement.aj
/mnt/hdstore/joey/workspace/eclipse/hedwig-weaver/src/main/java/testframework/weaver/track/PerfStatsImpl.java
/mnt/hdstore/joey/workspace/eclipse/hedwig-weaver/src/main/java/testframework/weaver/track/operation/OperationStatsImpl.java
/mnt/hdstore/joey/workspace/eclipse/hedwig-weaver/src/main/java/testframework/weaver/track/operation/OperationStats.java
/mnt/hdstore/joey/workspace/eclipse/hedwig-weaver/src/main/java/testframework/weaver/track/resource/ResourceStats.java
/mnt/hdstore/joey/workspace/eclipse/hedwig-weaver/src/main/java/testframework/weaver/track/resource/ResourceStatsImpl.java
/mnt/hdstore/joey/workspace/eclipse/hedwig-weaver/src/main/java/testframework/weaver/track/PerfStatsFactory.java
/mnt/hdstore/joey/workspace/eclipse/hedwig-weaver/src/main/java/testframework/weaver/track/PerfStats.java
/mnt/hdstore/joey/workspace/eclipse/hedwig-weaver/src/main/java/testframework/weaver/track/PerfStatsFactoryImpl.java
/mnt/hdstore/joey/workspace/eclipse/hedwig-weaver/src/main/java/testframework/weaver/monitor/component/AbstractXmlProcessingMonitor.aj
/mnt/hdstore/joey/workspace/eclipse/hedwig-weaver/src/main/java/testframework/weaver/monitor/component/AbstractXmlCallMonitor.aj
/mnt/hdstore/joey/workspace/eclipse/hedwig-weaver/src/main/java/testframework/weaver/monitor/component/XmlParsingMonitor.aj
/mnt/hdstore/joey/workspace/eclipse/hedwig-weaver/src/main/java/testframework/weaver/monitor/operation/SpringMvcMonitor.aj
/mnt/hdstore/joey/workspace/eclipse/hedwig-weaver/src/main/java/testframework/weaver/monitor/operation/JaxmOperationMonitor.aj
/mnt/hdstore/joey/workspace/eclipse/hedwig-weaver/src/main/java/testframework/weaver/monitor/operation/ServletMonitor.aj
/mnt/hdstore/joey/workspace/eclipse/hedwig-weaver/src/main/java/testframework/weaver/monitor/operation/AxisOperationMonitor.aj
/mnt/hdstore/joey/workspace/eclipse/hedwig-weaver/src/main/java/testframework/weaver/monitor/operation/AbstractOperationMonitor.aj
/mnt/hdstore/joey/workspace/eclipse/hedwig-weaver/src/main/java/testframework/weaver/monitor/operation/TemplateOperationMonitor.aj
/mnt/hdstore/joey/workspace/eclipse/hedwig-weaver/src/main/java/testframework/weaver/monitor/operation/StrutsMonitor.aj
/mnt/hdstore/joey/workspace/eclipse/hedwig-weaver/src/main/java/testframework/weaver/monitor/resource/JdbcConnectionMonitor.aj
/mnt/hdstore/joey/workspace/eclipse/hedwig-weaver/src/main/java/testframework/weaver/monitor/resource/AbstractResourceMonitor.aj
/mnt/hdstore/joey/workspace/eclipse/hedwig-weaver/src/main/java/testframework/weaver/monitor/resource/JaxmCallMonitor.aj
/mnt/hdstore/joey/workspace/eclipse/hedwig-weaver/src/main/java/testframework/weaver/monitor/resource/JdbcStatementMonitor.aj
/mnt/hdstore/joey/workspace/eclipse/hedwig-weaver/src/main/java/testframework/weaver/monitor/resource/RemoteCallMonitor.aj
/mnt/hdstore/joey/workspace/eclipse/hedwig-weaver/src/main/java/testframework/weaver/monitor/resource/DataAccessFailureDetection.java
/mnt/hdstore/joey/workspace/eclipse/hedwig-weaver/src/main/java/testframework/weaver/monitor/MonitorRuntimeControl.aj
/mnt/hdstore/joey/workspace/eclipse/hedwig-weaver/src/main/java/testframework/weaver/monitor/AbstractRequestMonitor.aj
/mnt/hdstore/joey/workspace/eclipse/hedwig-weaver/src/main/java/testframework/weaver/monitor/FailureDetectionStrategy.java
/mnt/hdstore/joey/workspace/eclipse/hedwig-weaver/src/main/java/testframework/weaver/config/Initialization.aj
/mnt/hdstore/joey/workspace/eclipse/hedwig-weaver/src/main/java/testframework/weaver/config/MBeanServerFactory.java
/mnt/hdstore/joey/workspace/eclipse/hedwig-weaver/src/main/java/testframework/weaver/config/AbstractConfigurator.aj
/mnt/hdstore/joey/workspace/eclipse/hedwig-weaver/src/main/java/testframework/weaver/config/Configurator.java
/mnt/hdstore/joey/workspace/eclipse/hedwig-weaver/src/main/java/testframework/weaver/config/SimpleConfig.aj
